<?xml version="1.0" encoding="UTF-8"?>
<testsuite xmlns:xsi="http://www.w3.org/2001/XMLSchema-instance" xsi:noNamespaceSchemaLocation="https://maven.apache.org/surefire/maven-surefire-plugin/xsd/surefire-test-report.xsd" name="zerocoke.study.SuiteTest" time="0.103" tests="14" errors="0" skipped="0" failures="5">
  <properties>
    <property name="gopherProxySet" value="false"/>
    <property name="awt.toolkit" value="sun.lwawt.macosx.LWCToolkit"/>
    <property name="java.specification.version" value="11"/>
    <property name="sun.cpu.isalist" value=""/>
    <property name="sun.jnu.encoding" value="UTF-8"/>
    <property name="java.class.path" value="/Users/renyi/Workspace/git-workspace/TestLearningNotes/junit/junit4_study/JUnit4Demo/target/test-classes:/Users/renyi/Workspace/git-workspace/TestLearningNotes/junit/junit4_study/JUnit4Demo/target/classes:/Users/renyi/.m2/repository/junit/junit/4.12/junit-4.12.jar:/Users/renyi/.m2/repository/org/hamcrest/hamcrest-core/1.3/hamcrest-core-1.3.jar:/Users/renyi/.m2/repository/io/qameta/allure/allure-junit4/2.13.0/allure-junit4-2.13.0.jar:/Users/renyi/.m2/repository/io/qameta/allure/allure-java-commons/2.13.0/allure-java-commons-2.13.0.jar:/Users/renyi/.m2/repository/io/qameta/allure/allure-model/2.13.0/allure-model-2.13.0.jar:/Users/renyi/.m2/repository/org/slf4j/slf4j-api/1.7.25/slf4j-api-1.7.25.jar:/Users/renyi/.m2/repository/com/fasterxml/jackson/core/jackson-databind/2.9.8/jackson-databind-2.9.8.jar:/Users/renyi/.m2/repository/com/fasterxml/jackson/core/jackson-annotations/2.9.0/jackson-annotations-2.9.0.jar:/Users/renyi/.m2/repository/com/fasterxml/jackson/core/jackson-core/2.9.8/jackson-core-2.9.8.jar:/Users/renyi/.m2/repository/org/apache/tika/tika-core/1.20/tika-core-1.20.jar:/Users/renyi/.m2/repository/org/jooq/joor-java-8/0.9.10/joor-java-8-0.9.10.jar:"/>
    <property name="java.vm.vendor" value="Oracle Corporation"/>
    <property name="sun.arch.data.model" value="64"/>
    <property name="java.vendor.url" value="http://java.oracle.com/"/>
    <property name="user.timezone" value=""/>
    <property name="java.vm.specification.version" value="11"/>
    <property name="os.name" value="Mac OS X"/>
    <property name="sun.java.launcher" value="SUN_STANDARD"/>
    <property name="user.country" value="CN"/>
    <property name="sun.boot.library.path" value="/Library/Java/JavaVirtualMachines/jdk-11.jdk/Contents/Home/lib"/>
    <property name="sun.java.command" value="/Users/renyi/Workspace/git-workspace/TestLearningNotes/junit/junit4_study/JUnit4Demo/target/surefire/surefirebooter7333836230506314767.jar /Users/renyi/Workspace/git-workspace/TestLearningNotes/junit/junit4_study/JUnit4Demo/target/surefire 2019-11-06T01-41-17_061-jvmRun1 surefire18055741513173085723tmp surefire_012624707675707760715tmp"/>
    <property name="jdk.debug" value="release"/>
    <property name="surefire.test.class.path" value="/Users/renyi/Workspace/git-workspace/TestLearningNotes/junit/junit4_study/JUnit4Demo/target/test-classes:/Users/renyi/Workspace/git-workspace/TestLearningNotes/junit/junit4_study/JUnit4Demo/target/classes:/Users/renyi/.m2/repository/junit/junit/4.12/junit-4.12.jar:/Users/renyi/.m2/repository/org/hamcrest/hamcrest-core/1.3/hamcrest-core-1.3.jar:/Users/renyi/.m2/repository/io/qameta/allure/allure-junit4/2.13.0/allure-junit4-2.13.0.jar:/Users/renyi/.m2/repository/io/qameta/allure/allure-java-commons/2.13.0/allure-java-commons-2.13.0.jar:/Users/renyi/.m2/repository/io/qameta/allure/allure-model/2.13.0/allure-model-2.13.0.jar:/Users/renyi/.m2/repository/org/slf4j/slf4j-api/1.7.25/slf4j-api-1.7.25.jar:/Users/renyi/.m2/repository/com/fasterxml/jackson/core/jackson-databind/2.9.8/jackson-databind-2.9.8.jar:/Users/renyi/.m2/repository/com/fasterxml/jackson/core/jackson-annotations/2.9.0/jackson-annotations-2.9.0.jar:/Users/renyi/.m2/repository/com/fasterxml/jackson/core/jackson-core/2.9.8/jackson-core-2.9.8.jar:/Users/renyi/.m2/repository/org/apache/tika/tika-core/1.20/tika-core-1.20.jar:/Users/renyi/.m2/repository/org/jooq/joor-java-8/0.9.10/joor-java-8-0.9.10.jar:"/>
    <property name="sun.cpu.endian" value="little"/>
    <property name="user.home" value="/Users/renyi"/>
    <property name="user.language" value="zh"/>
    <property name="java.specification.vendor" value="Oracle Corporation"/>
    <property name="java.version.date" value="2018-09-25"/>
    <property name="java.home" value="/Library/Java/JavaVirtualMachines/jdk-11.jdk/Contents/Home"/>
    <property name="file.separator" value="/"/>
    <property name="basedir" value="/Users/renyi/Workspace/git-workspace/TestLearningNotes/junit/junit4_study/JUnit4Demo"/>
    <property name="java.vm.compressedOopsMode" value="Zero based"/>
    <property name="line.separator" value="&#10;"/>
    <property name="java.specification.name" value="Java Platform API Specification"/>
    <property name="java.vm.specification.vendor" value="Oracle Corporation"/>
    <property name="java.awt.graphicsenv" value="sun.awt.CGraphicsEnvironment"/>
    <property name="surefire.real.class.path" value="/Users/renyi/Workspace/git-workspace/TestLearningNotes/junit/junit4_study/JUnit4Demo/target/surefire/surefirebooter7333836230506314767.jar"/>
    <property name="user.script" value="Hans"/>
    <property name="sun.management.compiler" value="HotSpot 64-Bit Tiered Compilers"/>
    <property name="java.runtime.version" value="11+28"/>
    <property name="user.name" value="renyi"/>
    <property name="path.separator" value=":"/>
    <property name="os.version" value="10.14.5"/>
    <property name="java.runtime.name" value="Java(TM) SE Runtime Environment"/>
    <property name="file.encoding" value="UTF-8"/>
    <property name="java.vm.name" value="Java HotSpot(TM) 64-Bit Server VM"/>
    <property name="java.vendor.version" value="18.9"/>
    <property name="localRepository" value="/Users/renyi/.m2/repository"/>
    <property name="java.vendor.url.bug" value="http://bugreport.java.com/bugreport/"/>
    <property name="java.io.tmpdir" value="/var/folders/mh/y60sss0x0w96tbg_khbgb6200000gn/T/"/>
    <property name="java.version" value="11"/>
    <property name="user.dir" value="/Users/renyi/Workspace/git-workspace/TestLearningNotes/junit/junit4_study/JUnit4Demo"/>
    <property name="os.arch" value="x86_64"/>
    <property name="java.vm.specification.name" value="Java Virtual Machine Specification"/>
    <property name="java.awt.printerjob" value="sun.lwawt.macosx.CPrinterJob"/>
    <property name="sun.os.patch.level" value="unknown"/>
    <property name="java.library.path" value="/Users/renyi/Library/Java/Extensions:/Library/Java/Extensions:/Network/Library/Java/Extensions:/System/Library/Java/Extensions:/usr/lib/java:."/>
    <property name="java.vendor" value="Oracle Corporation"/>
    <property name="java.vm.info" value="mixed mode"/>
    <property name="java.vm.version" value="11+28"/>
    <property name="sun.io.unicode.encoding" value="UnicodeBig"/>
    <property name="java.class.version" value="55.0"/>
  </properties>
  <testcase name="testDemo2" classname="zerocoke.study.Junit4DemoTest" time="0">
    <failure type="java.lang.AssertionError">java.lang.AssertionError
	at zerocoke.study.Junit4DemoTest.testDemo2(Junit4DemoTest.java:21)
</failure>
  </testcase>
  <testcase name="testDemo" classname="zerocoke.study.Junit4DemoTest" time="0.001"/>
  <testcase name="testDemoBChildren" classname="zerocoke.study.Junit4DemoChildren2Test" time="0.003"/>
  <testcase name="testDemoAChildren" classname="zerocoke.study.Junit4DemoChildren2Test" time="0.001">
    <failure type="java.lang.AssertionError">java.lang.AssertionError
	at zerocoke.study.Junit4DemoChildren2Test.testDemoAChildren(Junit4DemoChildren2Test.java:52)
</failure>
    <system-out><![CDATA[--我是@before，用例执行前先到我这--
--我是Children@before，用例执行前先到我这--
Children testDemoA
--我是Children@after，用例执行后到我这--
--我是@after，用例执行后到我这--
]]></system-out>
  </testcase>
  <testcase name="testDemoCChildren" classname="zerocoke.study.Junit4DemoChildren2Test" time="0.002"/>
  <testcase name="testDemoA" classname="zerocoke.study.Junit4DemoChildren2Test" time="0.002">
    <failure type="java.lang.AssertionError">java.lang.AssertionError
</failure>
    <system-out><![CDATA[--我是@before，用例执行前先到我这--
--我是Children@before，用例执行前先到我这--
testDemoA
--我是Children@after，用例执行后到我这--
--我是@after，用例执行后到我这--
]]></system-out>
  </testcase>
  <testcase name="testDemoB" classname="zerocoke.study.Junit4DemoChildren2Test" time="0.002"/>
  <testcase name="testDemoC" classname="zerocoke.study.Junit4DemoChildren2Test" time="0.001"/>
  <testcase name="testDemoA" classname="zerocoke.study.Junit4MethodTest" time="0.001">
    <failure type="java.lang.AssertionError">java.lang.AssertionError
	at zerocoke.study.Junit4MethodTest.testDemoA(Junit4MethodTest.java:58)
</failure>
    <system-out><![CDATA[==我是Children@AfterClass，我是运行最后一步==
==我是@AfterClass，我是运行最后一步==
==我是@BeforeClass，我是运行第一步==
--我是@before，用例执行前先到我这--
testDemoA
--我是@after，用例执行后到我这--
]]></system-out>
  </testcase>
  <testcase name="testDemoB" classname="zerocoke.study.Junit4MethodTest" time="0.001"/>
  <testcase name="testDemoC" classname="zerocoke.study.Junit4MethodTest" time="0.001"/>
  <testcase name="testDemoA" classname="zerocoke.study.Junit4DemoChildrenTest" time="0.002">
    <failure type="java.lang.AssertionError">java.lang.AssertionError
	at zerocoke.study.Junit4DemoChildrenTest.testDemoA(Junit4DemoChildrenTest.java:62)
</failure>
    <system-out><![CDATA[==我是@AfterClass，我是运行最后一步==
==我是Children@BeforeClass，我是运行第一步==
--我是Children@before，用例执行前先到我这--
Children testDemoA
--我是Children@after，用例执行后到我这--
]]></system-out>
  </testcase>
  <testcase name="testDemoB" classname="zerocoke.study.Junit4DemoChildrenTest" time="0.001"/>
  <testcase name="testDemoC" classname="zerocoke.study.Junit4DemoChildrenTest" time="0.001"/>
</testsuite>